2016-12-14 17:21:49,852 [Worker-0] INFO  c.g.t.t.d.PublishedGradleVersions - Gradle version information cache is up-to-date. Trying to read.
2016-12-14 17:23:08,399 [Worker-9] INFO  o.e.m.c.i.l.LifecycleMappingFactory - Using org.eclipse.m2e.jdt.JarLifecycleMapping lifecycle mapping for MavenProject: Selenium_Automation:Gallop_Selenium_Automation:0.0.1-SNAPSHOT @ C:\Gallop_Selenium_Automation\pom.xml.
2016-12-14 17:23:34,580 [Worker-9] WARN  o.e.m.c.i.embedder.EclipseLogger - The POM for microsoft:sqljdbc:jar:4.0 is missing, no dependency information available
2016-12-14 17:23:34,620 [Worker-9] WARN  o.e.m.c.i.embedder.EclipseLogger - The POM for sourceforge:csvjdbc:jar:1.0.9 is missing, no dependency information available
2016-12-14 17:23:35,482 [Worker-9] WARN  o.e.m.c.i.embedder.EclipseLogger - The POM for com.google.gdata:gdata-spreadsheet:jar:3.0 is missing, no dependency information available
2016-12-14 17:23:35,490 [Worker-9] WARN  o.e.m.c.i.embedder.EclipseLogger - The POM for com.google.gdata:gdata-spreadsheet-meta:jar:3.0 is missing, no dependency information available
2016-12-14 17:23:35,500 [Worker-9] WARN  o.e.m.c.i.embedder.EclipseLogger - The POM for com.google.gdata:gdata-client:jar:1.0 is missing, no dependency information available
2016-12-14 17:23:35,531 [Worker-9] WARN  o.e.m.c.i.embedder.EclipseLogger - The POM for com.google.gdata:gdata-client-meta:jar:1.0 is missing, no dependency information available
2016-12-14 17:23:35,553 [Worker-9] WARN  o.e.m.c.i.embedder.EclipseLogger - The POM for com.google.gdata:gdata-docs:jar:3.0 is missing, no dependency information available
2016-12-14 17:23:35,560 [Worker-9] WARN  o.e.m.c.i.embedder.EclipseLogger - The POM for com.google.gdata:gdata-docs-meta:jar:3.0 is missing, no dependency information available
2016-12-14 17:23:35,583 [Worker-9] WARN  o.e.m.c.i.embedder.EclipseLogger - The POM for com.google.gdata:gdata-media:jar:1.0 is missing, no dependency information available
2016-12-14 17:23:47,264 [Worker-9] INFO  o.e.m.j.i.AbstractJavaProjectConfigurator - Adding source folder /Gallop_Selenium_Automation/src/main/java
2016-12-14 17:23:47,266 [Worker-9] INFO  o.e.m.j.i.AbstractJavaProjectConfigurator - Adding source folder /Gallop_Selenium_Automation/src/test/java
2016-12-14 17:23:47,956 [Worker-9] INFO  o.e.m.c.i.p.ProjectConfigurationManager - Imported and configured 1 project(s) in 60 sec
2016-12-14 17:23:55,390 [Worker-4] WARN  o.e.m.c.i.embedder.EclipseLogger - The POM for microsoft:sqljdbc:jar:4.0 is missing, no dependency information available
2016-12-14 17:23:55,394 [Worker-4] WARN  o.e.m.c.i.embedder.EclipseLogger - The POM for sourceforge:csvjdbc:jar:1.0.9 is missing, no dependency information available
2016-12-14 17:23:55,453 [Worker-4] WARN  o.e.m.c.i.embedder.EclipseLogger - The POM for com.google.gdata:gdata-spreadsheet:jar:3.0 is missing, no dependency information available
2016-12-14 17:23:55,456 [Worker-4] WARN  o.e.m.c.i.embedder.EclipseLogger - The POM for com.google.gdata:gdata-spreadsheet-meta:jar:3.0 is missing, no dependency information available
2016-12-14 17:23:55,458 [Worker-4] WARN  o.e.m.c.i.embedder.EclipseLogger - The POM for com.google.gdata:gdata-client:jar:1.0 is missing, no dependency information available
2016-12-14 17:23:55,461 [Worker-4] WARN  o.e.m.c.i.embedder.EclipseLogger - The POM for com.google.gdata:gdata-client-meta:jar:1.0 is missing, no dependency information available
2016-12-14 17:23:55,463 [Worker-4] WARN  o.e.m.c.i.embedder.EclipseLogger - The POM for com.google.gdata:gdata-docs:jar:3.0 is missing, no dependency information available
2016-12-14 17:23:55,465 [Worker-4] WARN  o.e.m.c.i.embedder.EclipseLogger - The POM for com.google.gdata:gdata-docs-meta:jar:3.0 is missing, no dependency information available
2016-12-14 17:23:55,468 [Worker-4] WARN  o.e.m.c.i.embedder.EclipseLogger - The POM for com.google.gdata:gdata-media:jar:1.0 is missing, no dependency information available
2016-12-14 17:23:56,055 [Worker-4] INFO  o.e.m.c.i.embedder.EclipseLogger - Using 'UTF-8' encoding to copy filtered resources.
2016-12-14 17:23:56,055 [Worker-4] INFO  o.e.m.c.i.embedder.EclipseLogger - skip non existing resourceDirectory C:\Gallop_Selenium_Automation\src\main\resources
2016-12-14 17:23:56,059 [Worker-4] INFO  o.e.m.c.i.embedder.EclipseLogger - Using 'UTF-8' encoding to copy filtered resources.
2016-12-14 17:23:56,061 [Worker-4] INFO  o.e.m.c.i.embedder.EclipseLogger - skip non existing resourceDirectory C:\Gallop_Selenium_Automation\src\test\resources
2016-12-14 17:24:35,891 [Worker-9] INFO  o.e.m.c.i.embedder.EclipseLogger - Using 'UTF-8' encoding to copy filtered resources.
2016-12-14 17:24:35,891 [Worker-9] INFO  o.e.m.c.i.embedder.EclipseLogger - skip non existing resourceDirectory C:\Gallop_Selenium_Automation\src\main\resources
2016-12-14 17:24:35,892 [Worker-9] INFO  o.e.m.c.i.embedder.EclipseLogger - Using 'UTF-8' encoding to copy filtered resources.
2016-12-14 17:24:35,892 [Worker-9] INFO  o.e.m.c.i.embedder.EclipseLogger - skip non existing resourceDirectory C:\Gallop_Selenium_Automation\src\test\resources
2016-12-14 17:27:52,476 [Worker-10] ERROR o.e.m.c.i.p.r.ProjectRegistryRefreshJob - Resource '/Gallop_Selenium_Automation/pom.xml' does not exist.
org.eclipse.core.internal.resources.ResourceException: Resource '/Gallop_Selenium_Automation/pom.xml' does not exist.
	at org.eclipse.core.internal.resources.Resource.checkExists(Resource.java:334) ~[na:na]
	at org.eclipse.core.internal.resources.Resource.checkAccessible(Resource.java:208) ~[na:na]
	at org.eclipse.core.internal.resources.Resource.deleteMarkers(Resource.java:822) ~[na:na]
	at org.eclipse.m2e.core.internal.markers.MavenMarkerManager.deleteMarkers(MavenMarkerManager.java:229) ~[na:na]
	at org.eclipse.m2e.core.internal.markers.MavenMarkerManager.deleteMarkers(MavenMarkerManager.java:223) ~[na:na]
	at org.eclipse.m2e.core.internal.project.registry.ProjectRegistryManager.readMavenProjectFacade(ProjectRegistryManager.java:694) ~[na:na]
	at org.eclipse.m2e.core.internal.project.registry.ProjectRegistryManager.refresh(ProjectRegistryManager.java:397) ~[na:na]
	at org.eclipse.m2e.core.internal.project.registry.ProjectRegistryManager.refresh(ProjectRegistryManager.java:350) ~[na:na]
	at org.eclipse.m2e.core.internal.project.registry.ProjectRegistryRefreshJob$1$1.call(ProjectRegistryRefreshJob.java:89) ~[na:na]
	at org.eclipse.m2e.core.internal.project.registry.ProjectRegistryRefreshJob$1$1.call(ProjectRegistryRefreshJob.java:1) ~[na:na]
	at org.eclipse.m2e.core.internal.embedder.MavenExecutionContext.executeBare(MavenExecutionContext.java:176) ~[na:na]
	at org.eclipse.m2e.core.internal.embedder.MavenExecutionContext.execute(MavenExecutionContext.java:151) ~[na:na]
	at org.eclipse.m2e.core.internal.embedder.MavenExecutionContext.execute(MavenExecutionContext.java:99) ~[na:na]
	at org.eclipse.m2e.core.internal.embedder.MavenImpl.execute(MavenImpl.java:1351) ~[na:na]
	at org.eclipse.m2e.core.internal.project.registry.ProjectRegistryRefreshJob$1.call(ProjectRegistryRefreshJob.java:87) ~[na:na]
	at org.eclipse.m2e.core.internal.project.registry.ProjectRegistryRefreshJob$1.call(ProjectRegistryRefreshJob.java:1) ~[na:na]
	at org.eclipse.m2e.core.internal.embedder.MavenExecutionContext.executeBare(MavenExecutionContext.java:176) ~[na:na]
	at org.eclipse.m2e.core.internal.embedder.MavenExecutionContext.execute(MavenExecutionContext.java:151) ~[na:na]
	at org.eclipse.m2e.core.internal.embedder.MavenExecutionContext.execute(MavenExecutionContext.java:99) ~[na:na]
	at org.eclipse.m2e.core.internal.embedder.MavenImpl.execute(MavenImpl.java:1355) ~[na:na]
	at org.eclipse.m2e.core.internal.project.registry.ProjectRegistryRefreshJob.run(ProjectRegistryRefreshJob.java:81) ~[na:na]
	at org.eclipse.core.internal.jobs.Worker.run(Worker.java:55) [org.eclipse.core.jobs_3.7.0.v20150330-2103.jar:na]
